#! /c/Source/iverilog-install/bin/vvp
:ivl_version "12.0 (devel)" "(s20150603-1539-g2693dd32b)";
:ivl_delay_selection "TYPICAL";
:vpi_time_precision + 0;
:vpi_module "C:\iverilog\lib\ivl\system.vpi";
:vpi_module "C:\iverilog\lib\ivl\vhdl_sys.vpi";
:vpi_module "C:\iverilog\lib\ivl\vhdl_textio.vpi";
:vpi_module "C:\iverilog\lib\ivl\v2005_math.vpi";
:vpi_module "C:\iverilog\lib\ivl\va_math.vpi";
S_00000114abe26530 .scope module, "behavioral_not" "behavioral_not" 2 1;
 .timescale 0 0;
    .port_info 0 /INPUT 1 "a";
    .port_info 1 /OUTPUT 1 "y";
o00000114abe764d8 .functor BUFZ 1, C4<z>; HiZ drive
v00000114abe266c0_0 .net "a", 0 0, o00000114abe764d8;  0 drivers
v00000114abe26760_0 .var "y", 0 0;
E_00000114abe74910 .event anyedge, v00000114abe266c0_0;
    .scope S_00000114abe26530;
T_0 ;
    %wait E_00000114abe74910;
    %load/vec4 v00000114abe266c0_0;
    %inv;
    %store/vec4 v00000114abe26760_0, 0, 1;
    %jmp T_0;
    .thread T_0, $push;
# The file index is used to find the file name in the following table.
:file_names 3;
    "N/A";
    "<interactive>";
    "behavioral_not.v";
