#! /c/Source/iverilog-install/bin/vvp
:ivl_version "12.0 (devel)" "(s20150603-1539-g2693dd32b)";
:ivl_delay_selection "TYPICAL";
:vpi_time_precision + 0;
:vpi_module "C:\iverilog\lib\ivl\system.vpi";
:vpi_module "C:\iverilog\lib\ivl\vhdl_sys.vpi";
:vpi_module "C:\iverilog\lib\ivl\vhdl_textio.vpi";
:vpi_module "C:\iverilog\lib\ivl\v2005_math.vpi";
:vpi_module "C:\iverilog\lib\ivl\va_math.vpi";
S_0000029a52324e50 .scope module, "not_tb" "not_tb" 2 4;
 .timescale 0 0;
v0000029a52456440_0 .var "a", 0 0;
v0000029a524564e0_0 .net "y", 0 0, v0000029a52325210_0;  1 drivers
S_0000029a52324fe0 .scope module, "uut" "behavioral_not" 2 11, 3 1 0, S_0000029a52324e50;
 .timescale 0 0;
    .port_info 0 /INPUT 1 "a";
    .port_info 1 /OUTPUT 1 "y";
v0000029a52325170_0 .net "a", 0 0, v0000029a52456440_0;  1 drivers
v0000029a52325210_0 .var "y", 0 0;
E_0000029a5245c930 .event anyedge, v0000029a52325170_0;
    .scope S_0000029a52324fe0;
T_0 ;
    %wait E_0000029a5245c930;
    %load/vec4 v0000029a52325170_0;
    %inv;
    %store/vec4 v0000029a52325210_0, 0, 1;
    %jmp T_0;
    .thread T_0, $push;
    .scope S_0000029a52324e50;
T_1 ;
    %vpi_call 2 14 "$dumpfile", "not.vcd" {0 0 0};
    %vpi_call 2 15 "$dumpvars", 32'sb00000000000000000000000000000000, S_0000029a52324e50 {0 0 0};
    %vpi_call 2 16 "$monitor", $time, "s", "\011a=%b, y=%b", v0000029a52456440_0, v0000029a524564e0_0 {0 0 0};
    %delay 5, 0;
    %pushi/vec4 0, 0, 1;
    %store/vec4 v0000029a52456440_0, 0, 1;
    %delay 5, 0;
    %pushi/vec4 1, 0, 1;
    %store/vec4 v0000029a52456440_0, 0, 1;
    %delay 10, 0;
    %vpi_call 2 19 "$finish" {0 0 0};
    %end;
    .thread T_1;
# The file index is used to find the file name in the following table.
:file_names 4;
    "N/A";
    "<interactive>";
    "not_tb.v";
    "./behavioral_not.v";
