#! /c/Source/iverilog-install/bin/vvp
:ivl_version "12.0 (devel)" "(s20150603-1539-g2693dd32b)";
:ivl_delay_selection "TYPICAL";
:vpi_time_precision + 0;
:vpi_module "C:\iverilog\lib\ivl\system.vpi";
:vpi_module "C:\iverilog\lib\ivl\vhdl_sys.vpi";
:vpi_module "C:\iverilog\lib\ivl\vhdl_textio.vpi";
:vpi_module "C:\iverilog\lib\ivl\v2005_math.vpi";
:vpi_module "C:\iverilog\lib\ivl\va_math.vpi";
S_000001d3885665b0 .scope module, "structural_not" "structural_not" 2 1;
 .timescale 0 0;
    .port_info 0 /INPUT 1 "a";
    .port_info 1 /OUTPUT 1 "y";
o000001d388424638 .functor BUFZ 1, C4<z>; HiZ drive
L_000001d388566c00 .functor NOT 1, o000001d388424638, C4<0>, C4<0>, C4<0>;
v000001d388566740_0 .net "a", 0 0, o000001d388424638;  0 drivers
v000001d3885667e0_0 .net "y", 0 0, L_000001d388566c00;  1 drivers
# The file index is used to find the file name in the following table.
:file_names 3;
    "N/A";
    "<interactive>";
    "structural_not.v";
